# JRE version: OpenJDK Runtime Environment Temurin-17.0.4+8 (17.0.4+8) (build 17.0.4+8)
# Java VM: OpenJDK 64-Bit Server VM Temurin-17.0.4+8 (17.0.4+8, mixed mode, tiered, compressed oops, compressed class ptrs, parallel gc, windows-amd64)
GC Precious Log:
 CPUs: 4 total, 4 available
 Memory: 7887M
 Large Page Support: Disabled
 NUMA Support: Disabled
 Compressed Oops: Enabled (32-bit)
 Alignments: Space 512K, Generation 512K, Heap 2M
 Heap Min Capacity: 100M
 Heap Initial Capacity: 100M
 Heap Max Capacity: 1G
 Pre-touch: Disabled
 Parallel Workers: 4
Heap:
 PSYoungGen      total 19968K, used 12279K [0x00000000eab00000, 0x00000000ebf80000, 0x0000000100000000)
  eden space 18944K, 61% used [0x00000000eab00000,0x00000000eb663d08,0x00000000ebd80000)
  from space 1024K, 60% used [0x00000000ebe80000,0x00000000ebf19f60,0x00000000ebf80000)
  to   space 1024K, 0% used [0x00000000ebd80000,0x00000000ebd80000,0x00000000ebe80000)
 ParOldGen       total 68608K, used 34798K [0x00000000c0000000, 0x00000000c4300000, 0x00000000eab00000)
  object space 68608K, 50% used [0x00000000c0000000,0x00000000c21fbbc0,0x00000000c4300000)
 Metaspace       used 51798K, committed 52608K, reserved 1097728K
  class space    used 5508K, committed 5888K, reserved 1048576K
GC Heap History (20 events):
Event: 14.181 GC heap before
{Heap before GC invocations=21 (full 2):
 PSYoungGen      total 20992K, used 20960K [0x00000000eab00000, 0x00000000ec900000, 0x0000000100000000)
  eden space 18944K, 100% used [0x00000000eab00000,0x00000000ebd80000,0x00000000ebd80000)
  from space 2048K, 98% used [0x00000000ec200000,0x00000000ec3f8010,0x00000000ec400000)
  to   space 4608K, 0% used [0x00000000ebd80000,0x00000000ebd80000,0x00000000ec200000)
 ParOldGen       total 68608K, used 23403K [0x00000000c0000000, 0x00000000c4300000, 0x00000000eab00000)
  object space 68608K, 34% used [0x00000000c0000000,0x00000000c16dada0,0x00000000c4300000)
 Metaspace       used 46898K, committed 47744K, reserved 1097728K
  class space    used 5005K, committed 5376K, reserved 1048576K
}
Event: 14.189 GC heap after
{Heap after GC invocations=21 (full 2):
 PSYoungGen      total 21504K, used 2368K [0x00000000eab00000, 0x00000000ec380000, 0x0000000100000000)
  eden space 18944K, 0% used [0x00000000eab00000,0x00000000eab00000,0x00000000ebd80000)
  from space 2560K, 92% used [0x00000000ebd80000,0x00000000ebfd0010,0x00000000ec000000)
  to   space 3072K, 0% used [0x00000000ec080000,0x00000000ec080000,0x00000000ec380000)
 ParOldGen       total 68608K, used 25444K [0x00000000c0000000, 0x00000000c4300000, 0x00000000eab00000)
  object space 68608K, 37% used [0x00000000c0000000,0x00000000c18d9220,0x00000000c4300000)
 Metaspace       used 46898K, committed 47744K, reserved 1097728K
  class space    used 5005K, committed 5376K, reserved 1048576K
}
Event: 14.248 GC heap before
{Heap before GC invocations=22 (full 2):
 PSYoungGen      total 21504K, used 21312K [0x00000000eab00000, 0x00000000ec380000, 0x0000000100000000)
  eden space 18944K, 100% used [0x00000000eab00000,0x00000000ebd80000,0x00000000ebd80000)
  from space 2560K, 92% used [0x00000000ebd80000,0x00000000ebfd0010,0x00000000ec000000)
  to   space 3072K, 0% used [0x00000000ec080000,0x00000000ec080000,0x00000000ec380000)
 ParOldGen       total 68608K, used 25444K [0x00000000c0000000, 0x00000000c4300000, 0x00000000eab00000)
  object space 68608K, 37% used [0x00000000c0000000,0x00000000c18d9220,0x00000000c4300000)
 Metaspace       used 46898K, committed 47744K, reserved 1097728K
  class space    used 5005K, committed 5376K, reserved 1048576K
}
Event: 14.252 GC heap after
{Heap after GC invocations=22 (full 2):
 PSYoungGen      total 21504K, used 2304K [0x00000000eab00000, 0x00000000ec300000, 0x0000000100000000)
  eden space 18944K, 0% used [0x00000000eab00000,0x00000000eab00000,0x00000000ebd80000)
  from space 2560K, 90% used [0x00000000ec080000,0x00000000ec2c0010,0x00000000ec300000)
  to   space 2560K, 0% used [0x00000000ebd80000,0x00000000ebd80000,0x00000000ec000000)
 ParOldGen       total 68608K, used 27763K [0x00000000c0000000, 0x00000000c4300000, 0x00000000eab00000)
  object space 68608K, 40% used [0x00000000c0000000,0x00000000c1b1cc48,0x00000000c4300000)
 Metaspace       used 46898K, committed 47744K, reserved 1097728K
  class space    used 5005K, committed 5376K, reserved 1048576K
}
Event: 14.312 GC heap before
{Heap before GC invocations=23 (full 2):
 PSYoungGen      total 21504K, used 21248K [0x00000000eab00000, 0x00000000ec300000, 0x0000000100000000)
  eden space 18944K, 100% used [0x00000000eab00000,0x00000000ebd80000,0x00000000ebd80000)
  from space 2560K, 90% used [0x00000000ec080000,0x00000000ec2c0010,0x00000000ec300000)
  to   space 2560K, 0% used [0x00000000ebd80000,0x00000000ebd80000,0x00000000ec000000)
 ParOldGen       total 68608K, used 27763K [0x00000000c0000000, 0x00000000c4300000, 0x00000000eab00000)
  object space 68608K, 40% used [0x00000000c0000000,0x00000000c1b1cc48,0x00000000c4300000)
 Metaspace       used 46898K, committed 47744K, reserved 1097728K
  class space    used 5005K, committed 5376K, reserved 1048576K
}
Event: 14.319 GC heap after
{Heap after GC invocations=23 (full 2):
 PSYoungGen      total 20992K, used 1856K [0x00000000eab00000, 0x00000000ec180000, 0x0000000100000000)
  eden space 18944K, 0% used [0x00000000eab00000,0x00000000eab00000,0x00000000ebd80000)
  from space 2048K, 90% used [0x00000000ebd80000,0x00000000ebf50000,0x00000000ebf80000)
  to   space 2048K, 0% used [0x00000000ebf80000,0x00000000ebf80000,0x00000000ec180000)
 ParOldGen       total 68608K, used 29995K [0x00000000c0000000, 0x00000000c4300000, 0x00000000eab00000)
  object space 68608K, 43% used [0x00000000c0000000,0x00000000c1d4ac58,0x00000000c4300000)
 Metaspace       used 46898K, committed 47744K, reserved 1097728K
  class space    used 5005K, committed 5376K, reserved 1048576K
}
Event: 14.860 GC heap before
{Heap before GC invocations=24 (full 2):
 PSYoungGen      total 20992K, used 20800K [0x00000000eab00000, 0x00000000ec180000, 0x0000000100000000)
  eden space 18944K, 100% used [0x00000000eab00000,0x00000000ebd80000,0x00000000ebd80000)
  from space 2048K, 90% used [0x00000000ebd80000,0x00000000ebf50000,0x00000000ebf80000)
  to   space 2048K, 0% used [0x00000000ebf80000,0x00000000ebf80000,0x00000000ec180000)
 ParOldGen       total 68608K, used 29995K [0x00000000c0000000, 0x00000000c4300000, 0x00000000eab00000)
  object space 68608K, 43% used [0x00000000c0000000,0x00000000c1d4ac58,0x00000000c4300000)
 Metaspace       used 47169K, committed 47936K, reserved 1097728K
  class space    used 5020K, committed 5376K, reserved 1048576K
}
Event: 14.864 GC heap after
{Heap after GC invocations=24 (full 2):
 PSYoungGen      total 20992K, used 1568K [0x00000000eab00000, 0x00000000ec180000, 0x0000000100000000)
  eden space 18944K, 0% used [0x00000000eab00000,0x00000000eab00000,0x00000000ebd80000)
  from space 2048K, 76% used [0x00000000ebf80000,0x00000000ec108000,0x00000000ec180000)
  to   space 2048K, 0% used [0x00000000ebd80000,0x00000000ebd80000,0x00000000ebf80000)
 ParOldGen       total 68608K, used 31793K [0x00000000c0000000, 0x00000000c4300000, 0x00000000eab00000)
  object space 68608K, 46% used [0x00000000c0000000,0x00000000c1f0c4d8,0x00000000c4300000)
 Metaspace       used 47169K, committed 47936K, reserved 1097728K
  class space    used 5020K, committed 5376K, reserved 1048576K
}
Event: 15.385 GC heap before
{Heap before GC invocations=25 (full 2):
 PSYoungGen      total 20992K, used 20512K [0x00000000eab00000, 0x00000000ec180000, 0x0000000100000000)
  eden space 18944K, 100% used [0x00000000eab00000,0x00000000ebd80000,0x00000000ebd80000)
  from space 2048K, 76% used [0x00000000ebf80000,0x00000000ec108000,0x00000000ec180000)
  to   space 2048K, 0% used [0x00000000ebd80000,0x00000000ebd80000,0x00000000ebf80000)
 ParOldGen       total 68608K, used 31793K [0x00000000c0000000, 0x00000000c4300000, 0x00000000eab00000)
  object space 68608K, 46% used [0x00000000c0000000,0x00000000c1f0c4d8,0x00000000c4300000)
 Metaspace       used 47215K, committed 48000K, reserved 1097728K
  class space    used 5024K, committed 5376K, reserved 1048576K
}
Event: 15.389 GC heap after
{Heap after GC invocations=25 (full 2):
 PSYoungGen      total 19456K, used 96K [0x00000000eab00000, 0x00000000ec000000, 0x0000000100000000)
  eden space 18944K, 0% used [0x00000000eab00000,0x00000000eab00000,0x00000000ebd80000)
  from space 512K, 18% used [0x00000000ebd80000,0x00000000ebd98000,0x00000000ebe00000)
  to   space 1024K, 0% used [0x00000000ebf00000,0x00000000ebf00000,0x00000000ec000000)
 ParOldGen       total 68608K, used 33302K [0x00000000c0000000, 0x00000000c4300000, 0x00000000eab00000)
  object space 68608K, 48% used [0x00000000c0000000,0x00000000c2085830,0x00000000c4300000)
 Metaspace       used 47215K, committed 48000K, reserved 1097728K
  class space    used 5024K, committed 5376K, reserved 1048576K
}
Event: 16.099 GC heap before
{Heap before GC invocations=26 (full 2):
 PSYoungGen      total 19456K, used 18473K [0x00000000eab00000, 0x00000000ec000000, 0x0000000100000000)
  eden space 18944K, 97% used [0x00000000eab00000,0x00000000ebcf2488,0x00000000ebd80000)
  from space 512K, 18% used [0x00000000ebd80000,0x00000000ebd98000,0x00000000ebe00000)
  to   space 1024K, 0% used [0x00000000ebf00000,0x00000000ebf00000,0x00000000ec000000)
 ParOldGen       total 68608K, used 33302K [0x00000000c0000000, 0x00000000c4300000, 0x00000000eab00000)
  object space 68608K, 48% used [0x00000000c0000000,0x00000000c2085830,0x00000000c4300000)
 Metaspace       used 47485K, committed 48320K, reserved 1097728K
  class space    used 5056K, committed 5440K, reserved 1048576K
}
Event: 16.101 GC heap after
{Heap after GC invocations=26 (full 2):
 PSYoungGen      total 19456K, used 320K [0x00000000eab00000, 0x00000000ebf80000, 0x0000000100000000)
  eden space 18944K, 0% used [0x00000000eab00000,0x00000000eab00000,0x00000000ebd80000)
  from space 512K, 62% used [0x00000000ebf00000,0x00000000ebf50000,0x00000000ebf80000)
  to   space 512K, 0% used [0x00000000ebd80000,0x00000000ebd80000,0x00000000ebe00000)
 ParOldGen       total 68608K, used 33334K [0x00000000c0000000, 0x00000000c4300000, 0x00000000eab00000)
  object space 68608K, 48% used [0x00000000c0000000,0x00000000c208d830,0x00000000c4300000)
 Metaspace       used 47485K, committed 48320K, reserved 1097728K
  class space    used 5056K, committed 5440K, reserved 1048576K
}
Event: 16.539 GC heap before
{Heap before GC invocations=27 (full 2):
 PSYoungGen      total 19456K, used 19264K [0x00000000eab00000, 0x00000000ebf80000, 0x0000000100000000)
  eden space 18944K, 100% used [0x00000000eab00000,0x00000000ebd80000,0x00000000ebd80000)
  from space 512K, 62% used [0x00000000ebf00000,0x00000000ebf50000,0x00000000ebf80000)
  to   space 512K, 0% used [0x00000000ebd80000,0x00000000ebd80000,0x00000000ebe00000)
 ParOldGen       total 68608K, used 33334K [0x00000000c0000000, 0x00000000c4300000, 0x00000000eab00000)
  object space 68608K, 48% used [0x00000000c0000000,0x00000000c208d830,0x00000000c4300000)
 Metaspace       used 47876K, committed 48704K, reserved 1097728K
  class space    used 5092K, committed 5504K, reserved 1048576K
}
Event: 16.543 GC heap after
{Heap after GC invocations=27 (full 2):
 PSYoungGen      total 19456K, used 217K [0x00000000eab00000, 0x00000000ebf80000, 0x0000000100000000)
  eden space 18944K, 0% used [0x00000000eab00000,0x00000000eab00000,0x00000000ebd80000)
  from space 512K, 42% used [0x00000000ebd80000,0x00000000ebdb6470,0x00000000ebe00000)
  to   space 512K, 0% used [0x00000000ebf00000,0x00000000ebf00000,0x00000000ebf80000)
 ParOldGen       total 68608K, used 33563K [0x00000000c0000000, 0x00000000c4300000, 0x00000000eab00000)
  object space 68608K, 48% used [0x00000000c0000000,0x00000000c20c6ca0,0x00000000c4300000)
 Metaspace       used 47876K, committed 48704K, reserved 1097728K
  class space    used 5092K, committed 5504K, reserved 1048576K
}
Event: 16.790 GC heap before
{Heap before GC invocations=28 (full 2):
 PSYoungGen      total 19456K, used 19161K [0x00000000eab00000, 0x00000000ebf80000, 0x0000000100000000)
  eden space 18944K, 100% used [0x00000000eab00000,0x00000000ebd80000,0x00000000ebd80000)
  from space 512K, 42% used [0x00000000ebd80000,0x00000000ebdb6470,0x00000000ebe00000)
  to   space 512K, 0% used [0x00000000ebf00000,0x00000000ebf00000,0x00000000ebf80000)
 ParOldGen       total 68608K, used 33563K [0x00000000c0000000, 0x00000000c4300000, 0x00000000eab00000)
  object space 68608K, 48% used [0x00000000c0000000,0x00000000c20c6ca0,0x00000000c4300000)
 Metaspace       used 48150K, committed 48960K, reserved 1097728K
  class space    used 5113K, committed 5504K, reserved 1048576K
}
Event: 16.791 GC heap after
{Heap after GC invocations=28 (full 2):
 PSYoungGen      total 19456K, used 509K [0x00000000eab00000, 0x00000000ec080000, 0x0000000100000000)
  eden space 18944K, 0% used [0x00000000eab00000,0x00000000eab00000,0x00000000ebd80000)
  from space 512K, 99% used [0x00000000ebf00000,0x00000000ebf7f6f8,0x00000000ebf80000)
  to   space 1536K, 0% used [0x00000000ebd80000,0x00000000ebd80000,0x00000000ebf00000)
 ParOldGen       total 68608K, used 33965K [0x00000000c0000000, 0x00000000c4300000, 0x00000000eab00000)
  object space 68608K, 49% used [0x00000000c0000000,0x00000000c212b6d0,0x00000000c4300000)
 Metaspace       used 48150K, committed 48960K, reserved 1097728K
  class space    used 5113K, committed 5504K, reserved 1048576K
}
Event: 17.895 GC heap before
{Heap before GC invocations=29 (full 2):
 PSYoungGen      total 19456K, used 19453K [0x00000000eab00000, 0x00000000ec080000, 0x0000000100000000)
  eden space 18944K, 100% used [0x00000000eab00000,0x00000000ebd80000,0x00000000ebd80000)
  from space 512K, 99% used [0x00000000ebf00000,0x00000000ebf7f6f8,0x00000000ebf80000)
  to   space 1536K, 0% used [0x00000000ebd80000,0x00000000ebd80000,0x00000000ebf00000)
 ParOldGen       total 68608K, used 33965K [0x00000000c0000000, 0x00000000c4300000, 0x00000000eab00000)
  object space 68608K, 49% used [0x00000000c0000000,0x00000000c212b6d0,0x00000000c4300000)
 Metaspace       used 49931K, committed 50816K, reserved 1097728K
  class space    used 5293K, committed 5696K, reserved 1048576K
}
Event: 17.896 GC heap after
{Heap after GC invocations=29 (full 2):
 PSYoungGen      total 19456K, used 470K [0x00000000eab00000, 0x00000000ebf80000, 0x0000000100000000)
  eden space 18944K, 0% used [0x00000000eab00000,0x00000000eab00000,0x00000000ebd80000)
  from space 512K, 91% used [0x00000000ebd80000,0x00000000ebdf5a58,0x00000000ebe00000)
  to   space 1024K, 0% used [0x00000000ebe80000,0x00000000ebe80000,0x00000000ebf80000)
 ParOldGen       total 68608K, used 34392K [0x00000000c0000000, 0x00000000c4300000, 0x00000000eab00000)
  object space 68608K, 50% used [0x00000000c0000000,0x00000000c21963a0,0x00000000c4300000)
 Metaspace       used 49931K, committed 50816K, reserved 1097728K
  class space    used 5293K, committed 5696K, reserved 1048576K
}
Event: 19.654 GC heap before
{Heap before GC invocations=30 (full 2):
 PSYoungGen      total 19456K, used 19401K [0x00000000eab00000, 0x00000000ebf80000, 0x0000000100000000)
  eden space 18944K, 99% used [0x00000000eab00000,0x00000000ebd7cd30,0x00000000ebd80000)
  from space 512K, 91% used [0x00000000ebd80000,0x00000000ebdf5a58,0x00000000ebe00000)
  to   space 1024K, 0% used [0x00000000ebe80000,0x00000000ebe80000,0x00000000ebf80000)
 ParOldGen       total 68608K, used 34392K [0x00000000c0000000, 0x00000000c4300000, 0x00000000eab00000)
  object space 68608K, 50% used [0x00000000c0000000,0x00000000c21963a0,0x00000000c4300000)
 Metaspace       used 51457K, committed 52288K, reserved 1097728K
  class space    used 5473K, committed 5824K, reserved 1048576K
}
Event: 19.656 GC heap after
{Heap after GC invocations=30 (full 2):
 PSYoungGen      total 19968K, used 615K [0x00000000eab00000, 0x00000000ebf80000, 0x0000000100000000)
  eden space 18944K, 0% used [0x00000000eab00000,0x00000000eab00000,0x00000000ebd80000)
  from space 1024K, 60% used [0x00000000ebe80000,0x00000000ebf19f60,0x00000000ebf80000)
  to   space 1024K, 0% used [0x00000000ebd80000,0x00000000ebd80000,0x00000000ebe80000)
 ParOldGen       total 68608K, used 34798K [0x00000000c0000000, 0x00000000c4300000, 0x00000000eab00000)
  object space 68608K, 50% used [0x00000000c0000000,0x00000000c21fbbc0,0x00000000c4300000)
 Metaspace       used 51457K, committed 52288K, reserved 1097728K
  class space    used 5473K, committed 5824K, reserved 1048576K
}

